{"C:\\Users\\ALUMNO\\Downloads\\ts-proyecto-base-main\\src\\main\\combo.ts": {"path":"C:\\Users\\ALUMNO\\Downloads\\ts-proyecto-base-main\\src\\main\\combo.ts","all":false,"statementMap":{"0":{"start":{"line":1,"column":0},"end":{"line":1,"column":38}},"1":{"start":{"line":2,"column":0},"end":{"line":2,"column":36}},"2":{"start":{"line":3,"column":0},"end":{"line":3,"column":0}},"3":{"start":{"line":4,"column":0},"end":{"line":4,"column":39}},"4":{"start":{"line":5,"column":0},"end":{"line":5,"column":29}},"5":{"start":{"line":6,"column":0},"end":{"line":6,"column":28}},"6":{"start":{"line":7,"column":0},"end":{"line":7,"column":36}},"7":{"start":{"line":8,"column":0},"end":{"line":8,"column":5}},"8":{"start":{"line":9,"column":0},"end":{"line":9,"column":27}},"9":{"start":{"line":10,"column":0},"end":{"line":10,"column":8}},"10":{"start":{"line":11,"column":0},"end":{"line":11,"column":26}},"11":{"start":{"line":12,"column":0},"end":{"line":12,"column":5}},"12":{"start":{"line":13,"column":0},"end":{"line":13,"column":0}},"13":{"start":{"line":14,"column":0},"end":{"line":14,"column":46}},"14":{"start":{"line":15,"column":0},"end":{"line":15,"column":38}},"15":{"start":{"line":16,"column":0},"end":{"line":16,"column":5}},"16":{"start":{"line":17,"column":0},"end":{"line":17,"column":0}},"17":{"start":{"line":18,"column":0},"end":{"line":18,"column":0}},"18":{"start":{"line":19,"column":0},"end":{"line":19,"column":29}},"19":{"start":{"line":20,"column":0},"end":{"line":20,"column":28}},"20":{"start":{"line":21,"column":0},"end":{"line":21,"column":60}},"21":{"start":{"line":22,"column":0},"end":{"line":22,"column":29}},"22":{"start":{"line":23,"column":0},"end":{"line":23,"column":0}},"23":{"start":{"line":24,"column":0},"end":{"line":24,"column":94}},"24":{"start":{"line":25,"column":0},"end":{"line":25,"column":5}},"25":{"start":{"line":26,"column":0},"end":{"line":26,"column":28}},"26":{"start":{"line":27,"column":0},"end":{"line":27,"column":31}},"27":{"start":{"line":28,"column":0},"end":{"line":28,"column":36}},"28":{"start":{"line":29,"column":0},"end":{"line":29,"column":64}},"29":{"start":{"line":30,"column":0},"end":{"line":30,"column":13}},"30":{"start":{"line":31,"column":0},"end":{"line":31,"column":30}},"31":{"start":{"line":32,"column":0},"end":{"line":32,"column":13}},"32":{"start":{"line":33,"column":0},"end":{"line":33,"column":9}},"33":{"start":{"line":34,"column":0},"end":{"line":34,"column":9}},"34":{"start":{"line":35,"column":0},"end":{"line":35,"column":22}},"35":{"start":{"line":36,"column":0},"end":{"line":36,"column":8}},"36":{"start":{"line":37,"column":0},"end":{"line":37,"column":63}},"37":{"start":{"line":38,"column":0},"end":{"line":38,"column":102}},"38":{"start":{"line":39,"column":0},"end":{"line":39,"column":49}},"39":{"start":{"line":40,"column":0},"end":{"line":40,"column":10}},"40":{"start":{"line":41,"column":0},"end":{"line":41,"column":0}},"41":{"start":{"line":42,"column":0},"end":{"line":42,"column":108}},"42":{"start":{"line":43,"column":0},"end":{"line":43,"column":0}},"43":{"start":{"line":44,"column":0},"end":{"line":44,"column":5}},"44":{"start":{"line":45,"column":0},"end":{"line":45,"column":4}},"45":{"start":{"line":46,"column":0},"end":{"line":46,"column":1}}},"s":{"0":1,"1":1,"2":1,"3":1,"4":1,"5":1,"6":1,"7":2,"8":2,"9":2,"10":2,"11":2,"12":1,"13":1,"14":4,"15":4,"16":1,"17":1,"18":1,"19":0,"20":0,"21":0,"22":0,"23":0,"24":0,"25":1,"26":2,"27":2,"28":2,"29":2,"30":2,"31":2,"32":2,"33":2,"34":2,"35":2,"36":2,"37":2,"38":2,"39":2,"40":2,"41":2,"42":2,"43":2,"44":1,"45":1},"branchMap":{"0":{"type":"branch","line":7,"loc":{"start":{"line":7,"column":4},"end":{"line":12,"column":5}},"locations":[{"start":{"line":7,"column":4},"end":{"line":12,"column":5}}]},"1":{"type":"branch","line":14,"loc":{"start":{"line":14,"column":11},"end":{"line":16,"column":5}},"locations":[{"start":{"line":14,"column":11},"end":{"line":16,"column":5}}]},"2":{"type":"branch","line":26,"loc":{"start":{"line":26,"column":11},"end":{"line":44,"column":5}},"locations":[{"start":{"line":26,"column":11},"end":{"line":44,"column":5}}]},"3":{"type":"branch","line":42,"loc":{"start":{"line":42,"column":37},"end":{"line":42,"column":75}},"locations":[{"start":{"line":42,"column":37},"end":{"line":42,"column":75}}]},"4":{"type":"branch","line":42,"loc":{"start":{"line":42,"column":72},"end":{"line":42,"column":75}},"locations":[{"start":{"line":42,"column":72},"end":{"line":42,"column":75}}]}},"b":{"0":[2],"1":[4],"2":[2],"3":[2],"4":[0]},"fnMap":{"0":{"name":"Combo","decl":{"start":{"line":7,"column":4},"end":{"line":12,"column":5}},"loc":{"start":{"line":7,"column":4},"end":{"line":12,"column":5}},"line":7},"1":{"name":"agregarProducto","decl":{"start":{"line":14,"column":11},"end":{"line":16,"column":5}},"loc":{"start":{"line":14,"column":11},"end":{"line":16,"column":5}},"line":14},"2":{"name":"precio","decl":{"start":{"line":19,"column":11},"end":{"line":25,"column":5}},"loc":{"start":{"line":19,"column":11},"end":{"line":25,"column":5}},"line":19},"3":{"name":"stock","decl":{"start":{"line":26,"column":11},"end":{"line":44,"column":5}},"loc":{"start":{"line":26,"column":11},"end":{"line":44,"column":5}},"line":26}},"f":{"0":2,"1":4,"2":0,"3":2}}
,"C:\\Users\\ALUMNO\\Downloads\\ts-proyecto-base-main\\src\\main\\producto.ts": {"path":"C:\\Users\\ALUMNO\\Downloads\\ts-proyecto-base-main\\src\\main\\producto.ts","all":false,"statementMap":{"0":{"start":{"line":1,"column":0},"end":{"line":1,"column":31}},"1":{"start":{"line":2,"column":0},"end":{"line":2,"column":33}},"2":{"start":{"line":3,"column":0},"end":{"line":3,"column":4}},"3":{"start":{"line":4,"column":0},"end":{"line":4,"column":36}},"4":{"start":{"line":5,"column":0},"end":{"line":5,"column":5}},"5":{"start":{"line":6,"column":0},"end":{"line":6,"column":37}},"6":{"start":{"line":7,"column":0},"end":{"line":7,"column":5}},"7":{"start":{"line":8,"column":0},"end":{"line":8,"column":0}},"8":{"start":{"line":9,"column":0},"end":{"line":9,"column":36}},"9":{"start":{"line":10,"column":0},"end":{"line":10,"column":35}},"10":{"start":{"line":11,"column":0},"end":{"line":11,"column":4}},"11":{"start":{"line":12,"column":0},"end":{"line":12,"column":0}},"12":{"start":{"line":13,"column":0},"end":{"line":13,"column":1}}},"s":{"0":1,"1":1,"2":1,"3":1,"4":12,"5":12,"6":12,"7":1,"8":1,"9":1,"10":1,"11":1,"12":1},"branchMap":{"0":{"type":"branch","line":4,"loc":{"start":{"line":4,"column":4},"end":{"line":7,"column":5}},"locations":[{"start":{"line":4,"column":4},"end":{"line":7,"column":5}}]}},"b":{"0":[12]},"fnMap":{"0":{"name":"Producto","decl":{"start":{"line":4,"column":4},"end":{"line":7,"column":5}},"loc":{"start":{"line":4,"column":4},"end":{"line":7,"column":5}},"line":4}},"f":{"0":12}}
,"C:\\Users\\ALUMNO\\Downloads\\ts-proyecto-base-main\\src\\main\\productoSimple.ts": {"path":"C:\\Users\\ALUMNO\\Downloads\\ts-proyecto-base-main\\src\\main\\productoSimple.ts","all":false,"statementMap":{"0":{"start":{"line":1,"column":0},"end":{"line":1,"column":38}},"1":{"start":{"line":2,"column":0},"end":{"line":2,"column":0}},"2":{"start":{"line":3,"column":0},"end":{"line":3,"column":45}},"3":{"start":{"line":4,"column":0},"end":{"line":4,"column":0}},"4":{"start":{"line":5,"column":0},"end":{"line":5,"column":29}},"5":{"start":{"line":6,"column":0},"end":{"line":6,"column":28}},"6":{"start":{"line":7,"column":0},"end":{"line":7,"column":0}},"7":{"start":{"line":8,"column":0},"end":{"line":8,"column":65}},"8":{"start":{"line":9,"column":0},"end":{"line":9,"column":5}},"9":{"start":{"line":10,"column":0},"end":{"line":10,"column":27}},"10":{"start":{"line":11,"column":0},"end":{"line":11,"column":28}},"11":{"start":{"line":12,"column":0},"end":{"line":12,"column":26}},"12":{"start":{"line":13,"column":0},"end":{"line":13,"column":5}},"13":{"start":{"line":14,"column":0},"end":{"line":14,"column":46}},"14":{"start":{"line":15,"column":0},"end":{"line":15,"column":5}},"15":{"start":{"line":16,"column":0},"end":{"line":16,"column":28}},"16":{"start":{"line":17,"column":0},"end":{"line":17,"column":25}},"17":{"start":{"line":18,"column":0},"end":{"line":18,"column":7}},"18":{"start":{"line":19,"column":0},"end":{"line":19,"column":0}},"19":{"start":{"line":20,"column":0},"end":{"line":20,"column":29}},"20":{"start":{"line":21,"column":0},"end":{"line":21,"column":0}},"21":{"start":{"line":22,"column":0},"end":{"line":22,"column":29}},"22":{"start":{"line":23,"column":0},"end":{"line":23,"column":0}},"23":{"start":{"line":24,"column":0},"end":{"line":24,"column":51}},"24":{"start":{"line":25,"column":0},"end":{"line":25,"column":5}},"25":{"start":{"line":26,"column":0},"end":{"line":26,"column":28}},"26":{"start":{"line":27,"column":0},"end":{"line":27,"column":0}},"27":{"start":{"line":28,"column":0},"end":{"line":28,"column":28}},"28":{"start":{"line":29,"column":0},"end":{"line":29,"column":51}},"29":{"start":{"line":30,"column":0},"end":{"line":30,"column":5}},"30":{"start":{"line":31,"column":0},"end":{"line":31,"column":4}},"31":{"start":{"line":32,"column":0},"end":{"line":32,"column":1}}},"s":{"0":1,"1":1,"2":1,"3":1,"4":1,"5":1,"6":1,"7":1,"8":10,"9":10,"10":10,"11":10,"12":10,"13":1,"14":1,"15":1,"16":1,"17":1,"18":1,"19":1,"20":0,"21":0,"22":0,"23":0,"24":0,"25":1,"26":6,"27":6,"28":0,"29":0,"30":1,"31":1},"branchMap":{"0":{"type":"branch","line":8,"loc":{"start":{"line":8,"column":4},"end":{"line":13,"column":5}},"locations":[{"start":{"line":8,"column":4},"end":{"line":13,"column":5}}]},"1":{"type":"branch","line":26,"loc":{"start":{"line":26,"column":11},"end":{"line":30,"column":5}},"locations":[{"start":{"line":26,"column":11},"end":{"line":30,"column":5}}]},"2":{"type":"branch","line":28,"loc":{"start":{"line":28,"column":26},"end":{"line":30,"column":5}},"locations":[{"start":{"line":28,"column":26},"end":{"line":30,"column":5}}]}},"b":{"0":[10],"1":[6],"2":[0]},"fnMap":{"0":{"name":"ProductoSimple","decl":{"start":{"line":8,"column":4},"end":{"line":13,"column":5}},"loc":{"start":{"line":8,"column":4},"end":{"line":13,"column":5}},"line":8},"1":{"name":"precio","decl":{"start":{"line":20,"column":11},"end":{"line":25,"column":5}},"loc":{"start":{"line":20,"column":11},"end":{"line":25,"column":5}},"line":20},"2":{"name":"stock","decl":{"start":{"line":26,"column":11},"end":{"line":30,"column":5}},"loc":{"start":{"line":26,"column":11},"end":{"line":30,"column":5}},"line":26}},"f":{"0":10,"1":0,"2":6}}
}
