TN:
SF:src\main\combo.ts
FN:7,Combo
FN:14,agregarProducto
FN:19,precio
FN:26,stock
FNF:4
FNH:3
FNDA:2,Combo
FNDA:4,agregarProducto
FNDA:0,precio
FNDA:2,stock
DA:1,1
DA:2,1
DA:3,1
DA:4,1
DA:5,1
DA:6,1
DA:7,1
DA:8,2
DA:9,2
DA:10,2
DA:11,2
DA:12,2
DA:13,1
DA:14,1
DA:15,4
DA:16,4
DA:17,1
DA:18,1
DA:19,1
DA:20,0
DA:21,0
DA:22,0
DA:23,0
DA:24,0
DA:25,0
DA:26,1
DA:27,2
DA:28,2
DA:29,2
DA:30,2
DA:31,2
DA:32,2
DA:33,2
DA:34,2
DA:35,2
DA:36,2
DA:37,2
DA:38,2
DA:39,2
DA:40,2
DA:41,2
DA:42,2
DA:43,2
DA:44,2
DA:45,1
DA:46,1
LF:46
LH:40
BRDA:7,0,0,2
BRDA:14,1,0,4
BRDA:26,2,0,2
BRDA:42,3,0,2
BRDA:42,4,0,0
BRF:5
BRH:4
end_of_record
TN:
SF:src\main\producto.ts
FN:4,Producto
FNF:1
FNH:1
FNDA:12,Producto
DA:1,1
DA:2,1
DA:3,1
DA:4,1
DA:5,12
DA:6,12
DA:7,12
DA:8,1
DA:9,1
DA:10,1
DA:11,1
DA:12,1
DA:13,1
LF:13
LH:13
BRDA:4,0,0,12
BRF:1
BRH:1
end_of_record
TN:
SF:src\main\productoSimple.ts
FN:8,ProductoSimple
FN:20,precio
FN:26,stock
FNF:3
FNH:2
FNDA:10,ProductoSimple
FNDA:0,precio
FNDA:6,stock
DA:1,1
DA:2,1
DA:3,1
DA:4,1
DA:5,1
DA:6,1
DA:7,1
DA:8,1
DA:9,10
DA:10,10
DA:11,10
DA:12,10
DA:13,10
DA:14,1
DA:15,1
DA:16,1
DA:17,1
DA:18,1
DA:19,1
DA:20,1
DA:21,0
DA:22,0
DA:23,0
DA:24,0
DA:25,0
DA:26,1
DA:27,6
DA:28,6
DA:29,0
DA:30,0
DA:31,1
DA:32,1
LF:32
LH:25
BRDA:8,0,0,10
BRDA:26,1,0,6
BRDA:28,2,0,0
BRF:3
BRH:2
end_of_record
